[debug] ----------------------------------------------------------------------
[debug] Command:      C:\Program Files\nodejs\node.exe C:\Users\Fred\AppData\Roaming\npm\node_modules\firebase-tools\bin\firebase serve
[debug] CLI Version:  3.1.0
[debug] Platform:     win32
[debug] Node Version: v6.6.0
[debug] Time:         Wed Nov 23 2016 12:33:08 GMT+0200 (South Africa Standard Time)
[debug] ----------------------------------------------------------------------
[debug] 
[info] Starting Firebase development server...
[info] 
[info] Project Directory: C:\Users\Fred\Documents\Blade Doctor
[info] Public Directory: public
[info] 
[info] Server listening at: http://localhost:5000
[info] Shutting down...
[debug] ----------------------------------------------------------------------
[debug] Command:      C:\Program Files\nodejs\node.exe C:\Users\Fred\AppData\Roaming\npm\node_modules\firebase-tools\bin\firebase serve
[debug] CLI Version:  3.1.0
[debug] Platform:     win32
[debug] Node Version: v6.6.0
[debug] Time:         Wed Nov 23 2016 15:15:47 GMT+0200 (South Africa Standard Time)
[debug] ----------------------------------------------------------------------
[debug] 
[info] Starting Firebase development server...
[info] 
[info] Project Directory: C:\Users\Fred\Documents\Blade Doctor
[info] Public Directory: public
[info] 
[info] Server listening at: http://localhost:5000
